watchdog_template_example.adb:3:18: (style) trailing spaces not permitted [-gnatyb]
watchdog_template_example.adb:6:20: (style) trailing spaces not permitted [-gnatyb]
watchdog_template_example.adb:16:10: (style) space required [-gnatyt]
watchdog_template_example.adb:17:06: (style) incorrect layout [-gnatyl]
watchdog_template_example.adb:19:10: (style) space required [-gnatyt]
watchdog_template_example.adb:20:06: (style) incorrect layout [-gnatyl]
watchdog_template_example.adb:22:06: (style) incorrect layout [-gnatyl]
watchdog_template_example.adb:22:65: error: "No_Process_Id" not declared in "OS_Lib"
watchdog_template_example.adb:23:06: (style) incorrect layout [-gnatyl]
watchdog_template_example.adb:25:06: (style) incorrect layout [-gnatyl]
watchdog_template_example.adb:30:04: (style) "begin" in wrong column, should be in column 7 [-gnatyl]
watchdog_template_example.adb:31:06: (style) incorrect layout [-gnatyl]
watchdog_template_example.adb:33:06: (style) incorrect layout [-gnatyl]
watchdog_template_example.adb:42:31: error: "Is_Alive" not declared in "OS_Lib"
watchdog_template_example.adb:45:30: error: no candidate interpretations match the actuals:
watchdog_template_example.adb:45:30: error: missing argument for parameter "Output_File" in call to "Spawn" declared at s-os_lib.ads:936
watchdog_template_example.adb:45:30: error: missing argument for parameter "Output_File_Descriptor" in call to "Spawn" declared at s-os_lib.ads:922
watchdog_template_example.adb:45:30: error: missing argument for parameter "Success" in call to "Spawn" declared at s-os_lib.ads:876
watchdog_template_example.adb:48:19: error: unmatched actual "Process_Id" in call
watchdog_template_example.adb:51:32: error: "To_String" not declared in "OS_Lib"
watchdog_template_example.adb:59:29: error: "To_String" not declared in "OS_Lib"
watchdog_template_example.adb:66:06: (style) incorrect layout [-gnatyl]
watchdog_template_example.adb:67:06: (style) incorrect layout [-gnatyl]
watchdog_template_example.adb:67:21: error: "Is_Alive" not declared in "OS_Lib"
watchdog_template_example.adb:69:23: error: "To_String" not declared in "OS_Lib"
watchdog_template_example.adb:70:24: error: "Terminate_Process" not declared in "OS_Lib"
watchdog_template_example.adb:81:04: (style) "end" in wrong column, should be in column 7 [-gnatyl]
