<?xml version="1.0" encoding="UTF-8" ?>
<testsuites>
   <testsuite name="/Users/albertstarfield/Documents/misc/AI/project-zephyrine/systemCore/engineMain/_excludefromRuntime_reverseEngineeringAssets/c_binding_test/alire/alr_test_local" id="0" tests="1" errors="0" failures="1" skipped="0">
      <testcase name="c_binding_test=0.1.0-dev" classname="FAIL" status="FAIL">
         <failure message="get --build failure: Macos Bits_64 Homebrew">
         [alr test] Testing c_binding_test=0.1.0-dev
[alr test] Spawning default local test: alr -d -n build --release
Note: Building c_binding_test=0.1.0-dev/c_binding_test.gpr...
Setup
   [mkdir]        object directory for project C_Binding_Test
Compile
   [Ada]          main.adb
main.adb:5:11: warning: file name does not match unit name, should be "c_binding_test.adb" [enabled by default]
Bind
   [gprbind]      main.bexch
   [Ada]          main.ali
Link
   [link]         main.adb
ld: library not found for -lSystem
collect2: error: ld returned 1 exit status
gprbuild: link of main.adb failed
gprbuild: failed command was: /users/albertstarfield/.local/share/alire/toolchains/gnat_native_15.1.2_60748c54/bin/gcc main.o b__main.o -L/Users/albertstarfield/Documents/misc/AI/project-zephyrine/systemCore/engineMain/_excludefromRuntime_reverseEngineeringAssets/c_binding_test/obj/release/ -L/Users/albertstarfield/Documents/misc/AI/project-zephyrine/systemCore/engineMain/_excludefromRuntime_reverseEngineeringAssets/c_binding_test/obj/release/ -L/users/albertstarfield/.local/share/alire/toolchains/gnat_native_15.1.2_60748c54/lib/gcc/aarch64-apple-darwin23.6.0/15.0.1/adalib/ -static-libgcc /users/albertstarfield/.local/share/alire/toolchains/gnat_native_15.1.2_60748c54/lib/gcc/aarch64-apple-darwin23.6.0/15.0.1/adalib/libgnat.a -Wl,-rpath,@executable_path/..//obj/release -Wl,-rpath,@executable_path/../../../../../../../../..//.local/share/alire/toolchains/gnat_native_15.1.2_60748c54/lib/gcc/aarch64-apple-darwin23.6.0/15.0.1/adalib -o /Users/albertstarfield/Documents/misc/AI/project-zephyrine/systemCore/engineMain/_excludefromRuntime_reverseEngineeringAssets/c_binding_test/bin//main
stderr: Command ["gprbuild", "-s", "-j0", "-p", "-P", "/Users/albertstarfield/Documents/misc/AI/project-zephyrine/systemCore/engineMain/_excludefromRuntime_reverseEngineeringAssets/c_binding_test/c_binding_test.gpr"] exited with code 4
ERROR: Command ["gprbuild", "-s", "-j0", "-p", "-P", "/Users/albertstarfield/Documents/misc/AI/project-zephyrine/systemCore/engineMain/_excludefromRuntime_reverseEngineeringAssets/c_binding_test/c_binding_test.gpr"] exited with code 4
stderr: ALIRE.CHECKED_ERROR
stderr: Command ["gprbuild", "-s", "-j0", "-p", "-P", "/Users/albertstarfield/Documents/misc/AI/project-zephyrine/systemCore/engineMain/_excludefromRuntime_reverseEngineeringAssets/c_binding_test/c_binding_test.gpr"] exited with code 4
stderr: raised ALIRE.CHECKED_ERROR : alire-stored-error:1
Load address: 0x1001c0000
Call stack traceback locations:
0x100ecc0cc 0x100ecc12c 0x100c2066c 0x100865568 0x100aea594 0x100aeb4f4 0x100a2933c 0x100a27b08 0x100a4b78c 0x100aab56c 0x100aaa99c 0x100a4b868 0x100a4b950 0x100a2800c 0x100a28174 0x100231730 0x100231070 0x1002311e4 0x1002ceb38 0x1002d9c78 0x1001c29f8 0x1001c7a2c

stderr: ALIRE.ROOTS.BUILD._WRAPPED_STATEMENTS.BUILD_FAILED
stderr: alire-roots.adb:202
stderr: raised ALIRE.ROOTS.BUILD._WRAPPED_STATEMENTS.BUILD_FAILED : alire-roots.adb:202
Load address: 0x1001c0000
Call stack traceback locations:
0x100ecc0cc 0x100ecc12c 0x100a29640 0x100a27b08 0x100a4b78c 0x100aab56c 0x100aaa99c 0x100a4b868 0x100a4b950 0x100a2800c 0x100a28174 0x100231730 0x100231070 0x1002311e4 0x1002ceb38 0x1002d9c78 0x1001c29f8 0x1001c7a2c

ERROR: Compilation failed.
         </failure>
      </testcase>
   </testsuite>
</testsuites>
