This file contains any messages produced by compilers while
running configure, to aid debugging if configure makes a mistake.

It was created by configure, which was
generated by GNU Autoconf 2.52.20231210.  Invocation command line was

  $ configure --with-ada-libname=adacurses

## ---------- ##
## Platform.  ##
## ---------- ##

hostname = Amaryllis-Cordellia.local
uname -m = arm64
uname -r = 25.0.0
uname -s = Darwin
uname -v = Darwin Kernel Version 25.0.0: Fri May 30 19:23:52 PDT 2025; root:xnu-12377.0.81.0.3~308/RELEASE_ARM64_T6020

/usr/bin/uname -p = arm
/bin/uname -X     = unknown

/bin/arch              = unknown
/usr/bin/arch -k       = unknown
/usr/convex/getsysinfo = unknown
hostinfo               = Mach kernel version:
	 Darwin Kernel Version 25.0.0: Fri May 30 19:23:52 PDT 2025; root:xnu-12377.0.81.0.3~308/RELEASE_ARM64_T6020
Kernel configured for up to 10 processors.
10 processors are physically available.
10 processors are logically available.
Processor type: arm64e (ARM64E)
Processors active: 0 1 2 3 4 5 6 7 8 9
Primary memory available: 16.00 gigabytes
Default processor set: 733 tasks, 3894 threads, 10 processors
Load average: 14.43, Mach factor: 1.55
/bin/machine           = unknown
/usr/bin/oslevel       = unknown
/bin/universe          = unknown

PATH = /Users/albertstarfield/.local/share/alire/toolchains/gprbuild_25.0.1_c2b4ada4/bin:/Users/albertstarfield/.local/share/alire/toolchains/gnat_native_15.1.2_60748c54/bin:/opt/homebrew/opt/heimdal/bin:/Users/albertstarfield/.local/bin:/Users/albertstarfield/Documents/misc/AI/project-zephyrine/zephyrineCondaVenv/bin:/opt/homebrew/anaconda3/condabin:/opt/homebrew/bin:/Users/albertstarfield/bin:/usr/local/bin:/opt/homebrew/bin:/opt/homebrew/sbin:/usr/local/bin:/System/Cryptexes/App/usr/bin:/usr/bin:/bin:/usr/sbin:/sbin:/var/run/com.apple.security.cryptexd/codex.system/bootstrap/usr/local/bin:/var/run/com.apple.security.cryptexd/codex.system/bootstrap/usr/bin:/var/run/com.apple.security.cryptexd/codex.system/bootstrap/usr/appleinternal/bin:/Library/TeX/texbin:/Applications/VMware Fusion.app/Contents/Public:/usr/local/Homebrew/bin:/Users/albertstarfield/.lmstudio/bin

## ------------ ##
## Core tests.  ##
## ------------ ##

configure:1175: PATH=".;."; conftest.sh
configure: line 1176: conftest.sh: command not found
configure:1178: $? = 127
configure:1195: checking for ggrep
configure:1221: result: no
configure:1195: checking for grep
configure:1210: found /usr/bin/grep
configure:1218: result: grep
configure:1229: checking for egrep
configure:1285: result: grep -E
configure:1296: result: Configuring NCURSES 6.5 ABI 6 (Sat Jun 21 20:29:53 WIB 2025)
configure:1300: checking for package version
configure:1321: result: 6.5
configure:1324: checking for package patch date
configure:1341: result: 20240427
configure:1352: testing ABI VERSION 5:0:10 ...
configure:1356: testing VERSION_MAJOR 6 ...
configure:1360: testing VERSION_MINOR 5 ...
configure:1364: testing VERSION_PATCH 20240427 ...
configure:1509: checking build system type
configure:1527: result: aarch64-apple-darwin25.0.0
configure:1534: checking host system type
configure:1548: result: aarch64-apple-darwin25.0.0
configure:1556: checking target system type
configure:1570: result: aarch64-apple-darwin25.0.0
configure:1602: result: Configuring for darwin25.0.0
configure:1627: checking for fgrep
configure:1683: result: grep -F
configure:1687: checking for prefix
configure:1699: result: /usr/local
configure:1878: checking for gnatgcc
configure:1904: result: no
configure:1878: checking for gcc
configure:1893: found /Users/albertstarfield/.local/share/alire/toolchains/gnat_native_15.1.2_60748c54/bin/gcc
configure:1901: result: gcc
configure:1919: checking for C compiler version
configure:1922: gcc --version </dev/null >&5
gcc (GCC) 15.0.1 20250418 (prerelease)
Copyright (C) 2025 Free Software Foundation, Inc.
This is free software; see the source for copying conditions.  There is NO
warranty; not even for MERCHANTABILITY or FITNESS FOR A PARTICULAR PURPOSE.

configure:1925: $? = 0
configure:1927: gcc -v </dev/null >&5
Using built-in specs.
COLLECT_GCC=gcc
COLLECT_LTO_WRAPPER=/Users/albertstarfield/.local/share/alire/toolchains/gnat_native_15.1.2_60748c54/bin/../libexec/gcc/aarch64-apple-darwin23.6.0/15.0.1/lto-wrapper
Target: aarch64-apple-darwin23.6.0
Configured with: ../src/configure --prefix=/Users/runner/work/GNAT-FSF-builds/GNAT-FSF-builds/sbx/aarch64-darwin/gcc/install --enable-languages=c,ada,c++ --enable-libstdcxx --enable-libstdcxx-threads --enable-libada --disable-nls --without-libiconv-prefix --disable-libstdcxx-pch --enable-lto --disable-multilib --disable-libcilkrts --with-build-sysroot=/Applications/Xcode.app/Contents/Developer/Platforms/MacOSX.platform/Developer/SDKs/MacOSX14.sdk --with-specs='%{!sysroot=*:--sysroot=%:if-exists-else(/Applications/Xcode.app/Contents/Developer/Platforms/MacOSX.platform/Developer/SDKs/MacOSX14.sdk /Library/Developer/CommandLineTools/SDKs/MacOSX14.sdk)}' --with-mpfr=/Users/runner/work/GNAT-FSF-builds/GNAT-FSF-builds/sbx/aarch64-darwin/mpfr/install --with-gmp=/Users/runner/work/GNAT-FSF-builds/GNAT-FSF-builds/sbx/aarch64-darwin/gmp/install --with-mpc=/Users/runner/work/GNAT-FSF-builds/GNAT-FSF-builds/sbx/aarch64-darwin/mpc/install --build=aarch64-apple-darwin23.6.0
Thread model: posix
Supported LTO compression algorithms: zlib
gcc version 15.0.1 20250418 (prerelease) (GCC) 
configure:1930: $? = 0
configure:1932: gcc -V </dev/null >&5
gcc: error: unrecognized command-line option '-V'
gcc: fatal error: no input files
compilation terminated.
configure:1935: $? = 1
configure:1955: checking for C compiler default output
configure:1958: gcc    conftest.c  >&5
ld: library not found for -lSystem
collect2: error: ld returned 1 exit status
configure:1961: $? = 1
configure: failed program was:
#line 1939 "configure"
#include "confdefs.h"

int
main (void)
{

  ;
  return 0;
}
configure:1984: error: C compiler cannot create executables

## ----------------- ##
## Cache variables.  ##
## ----------------- ##

ac_cv_build=aarch64-apple-darwin25.0.0
ac_cv_build_alias=aarch64-apple-darwin25.0.0
ac_cv_env_CC_set=
ac_cv_env_CC_value=
ac_cv_env_CFLAGS_set=
ac_cv_env_CFLAGS_value=
ac_cv_env_CPPFLAGS_set=
ac_cv_env_CPPFLAGS_value=
ac_cv_env_CPP_set=
ac_cv_env_CPP_value=
ac_cv_env_CXXCPP_set=
ac_cv_env_CXXCPP_value=
ac_cv_env_CXXFLAGS_set=
ac_cv_env_CXXFLAGS_value=
ac_cv_env_CXX_set=
ac_cv_env_CXX_value=
ac_cv_env_LDFLAGS_set=
ac_cv_env_LDFLAGS_value=
ac_cv_env_build_alias_set=
ac_cv_env_build_alias_value=
ac_cv_env_host_alias_set=
ac_cv_env_host_alias_value=
ac_cv_env_target_alias_set=
ac_cv_env_target_alias_value=
ac_cv_host=aarch64-apple-darwin25.0.0
ac_cv_host_alias=aarch64-apple-darwin25.0.0
ac_cv_path_EGREP='grep -E'
ac_cv_path_FGREP='grep -F'
ac_cv_prog_GREP=grep
ac_cv_prog_ac_ct_CC=gcc
ac_cv_target=aarch64-apple-darwin25.0.0
ac_cv_target_alias=aarch64-apple-darwin25.0.0
cf_cv_abi_default=6
cf_cv_abi_version=6
cf_cv_rel_version=6.5
cf_cv_system_name=darwin25.0.0
cf_cv_timestamp='Sat Jun 21 20:29:53 WIB 2025'

## ------------ ##
## confdefs.h.  ##
## ------------ ##

#define PACKAGE "ncurses"
#define NCURSES_VERSION "6.5"
#define NCURSES_PATCHDATE 20240427
#define SYSTEM_NAME "darwin25.0.0"


configure: exit 77
